<?xml version="1.0" encoding="UTF-8"?>
<!-- Generated by org.testng.reporters.JUnitReportReporter -->
<testsuite hostname="A4010L" failures="0" tests="1" name="userManagement.deleteMethod" time="2.810" errors="0" timestamp="2024-01-17T12:15:30 IST" skipped="0">
  <testcase classname="userManagement.deleteMethod" name="auth" time="2.810"/>
  <system-out/>
</testsuite> <!-- userManagement.deleteMethod -->
