<?xml version="1.0" encoding="UTF-8"?>
<!-- Generated by org.testng.reporters.JUnitReportReporter -->
<testsuite hostname="A4010L" failures="0" tests="1" name="userManagement.PUT_PATCH_Examples" time="2.361" errors="0" timestamp="2023-12-07T17:26:58 IST" skipped="0">
  <testcase classname="userManagement.PUT_PATCH_Examples" name="PUT" time="2.361"/>
  <system-out/>
</testsuite> <!-- userManagement.PUT_PATCH_Examples -->
