<?xml version="1.0" encoding="UTF-8"?>
<!-- Generated by org.testng.reporters.JUnitReportReporter -->
<testsuite hostname="A4010L" failures="0" tests="1" name="userManagement.getUsers" time="2.714" errors="0" timestamp="2023-12-07T18:39:35 IST" skipped="0">
  <testcase classname="userManagement.getUsers" name="getUserData" time="2.714"/>
  <system-out/>
</testsuite> <!-- userManagement.getUsers -->
