<?xml version="1.0" encoding="UTF-8"?>
<!-- Generated by org.testng.reporters.JUnitReportReporter -->
<testsuite hostname="A4010L" failures="0" tests="1" name="userManagement.basicAuthentication" time="3.862" errors="0" timestamp="2024-01-11T11:59:39 IST" skipped="0">
  <testcase classname="userManagement.basicAuthentication" name="auth" time="3.862"/>
  <system-out/>
</testsuite> <!-- userManagement.basicAuthentication -->
