<?xml version="1.0" encoding="UTF-8"?>
<!-- Generated by org.testng.reporters.JUnitReportReporter -->
<testsuite hostname="A4010L" failures="0" tests="1" name="userManagement.digestAuthentication" time="2.924" errors="0" timestamp="2024-01-16T11:05:58 IST" skipped="0">
  <testcase classname="userManagement.digestAuthentication" name="auth" time="2.924"/>
  <system-out/>
</testsuite> <!-- userManagement.digestAuthentication -->
