<?xml version="1.0" encoding="UTF-8"?>
<!-- Generated by org.testng.reporters.JUnitReportReporter -->
<testsuite hostname="A4010L" failures="0" tests="1" name="userManagement.handleMultipleHeaderss" time="2.088" errors="0" timestamp="2023-12-27T18:44:32 IST" skipped="0">
  <testcase classname="userManagement.handleMultipleHeaderss" name="testTwoHeadersusingMap" time="2.088"/>
  <system-out/>
</testsuite> <!-- userManagement.handleMultipleHeaderss -->
