<?xml version="1.0" encoding="UTF-8"?>
<!-- Generated by org.testng.reporters.JUnitReportReporter -->
<testsuite hostname="A4010L" failures="0" tests="1" name="userManagement.FetchHearders" time="1.419" errors="0" timestamp="2023-12-29T12:02:12 IST" skipped="0">
  <testcase classname="userManagement.FetchHearders" name="testFetchHeaders" time="1.419"/>
  <system-out/>
</testsuite> <!-- userManagement.FetchHearders -->
