<?xml version="1.0" encoding="UTF-8"?>
<!-- Generated by org.testng.reporters.JUnitReportReporter -->
<testsuite hostname="A4010L" failures="0" tests="1" name="userManagement.basicAuthenticationWithTestDataFile" time="4.819" errors="0" timestamp="2024-02-01T10:49:52 IST" skipped="0">
  <testcase classname="userManagement.basicAuthenticationWithTestDataFile" name="authWithTestData" time="4.819"/>
  <system-out/>
</testsuite> <!-- userManagement.basicAuthenticationWithTestDataFile -->
