<?xml version="1.0" encoding="UTF-8"?>
<!-- Generated by org.testng.reporters.JUnitReportReporter -->
<testsuite hostname="A4010L" failures="0" tests="2" name="userManagement.handleHeaders" time="2.486" errors="0" timestamp="2023-12-26T11:17:22 IST" skipped="0">
  <testcase classname="userManagement.handleHeaders" name="handlingMultipleheaders" time="2.189"/>
  <system-out/>
  <testcase classname="userManagement.handleHeaders" name="handlingSingleheader" time="0.297"/>
  <system-out/>
</testsuite> <!-- userManagement.handleHeaders -->
