<?xml version="1.0" encoding="UTF-8"?>
<!-- Generated by org.testng.reporters.JUnitReportReporter -->
<testsuite hostname="A4010L" failures="0" tests="1" name="userManagement.RunTestWithPropertiesFiles" time="3.782" errors="0" timestamp="2024-02-05T12:53:25 IST" skipped="0">
  <testcase classname="userManagement.RunTestWithPropertiesFiles" name="readServerAddressFromPropertyfile" time="3.782"/>
  <system-out/>
</testsuite> <!-- userManagement.RunTestWithPropertiesFiles -->
