<?xml version="1.0" encoding="UTF-8"?>
<!-- Generated by org.testng.reporters.JUnitReportReporter -->
<testsuite hostname="A4010L" failures="0" tests="1" name="userManagement.formParams" time="2.391" errors="0" timestamp="2023-12-20T18:46:11 IST" skipped="0">
  <testcase classname="userManagement.formParams" name="testCreateUserWithFormParam" time="2.391"/>
  <system-out/>
</testsuite> <!-- userManagement.formParams -->
