<?xml version="1.0" encoding="UTF-8"?>
<!-- Generated by org.testng.reporters.JUnitReportReporter -->
<testsuite hostname="A4010L" failures="0" tests="1" name="userManagement.queryPathFormParams" time="2.702" errors="0" timestamp="2023-12-19T12:59:07 IST" skipped="0">
  <testcase classname="userManagement.queryPathFormParams" name="validateResponseBodyGetPathParam" time="2.702"/>
  <system-out/>
</testsuite> <!-- userManagement.queryPathFormParams -->
