<?xml version="1.0" encoding="UTF-8"?>
<!-- Generated by org.testng.reporters.JUnitReportReporter -->
<testsuite hostname="A4010L" failures="0" tests="1" name="userManagement.FormParamsTest" time="4.102" errors="0" timestamp="2023-12-26T10:21:56 IST" skipped="0">
  <testcase classname="userManagement.FormParamsTest" name="testCreateUserWithFormParam" time="4.102"/>
  <system-out/>
</testsuite> <!-- userManagement.FormParamsTest -->
