<?xml version="1.0" encoding="UTF-8"?>
<!-- Generated by org.testng.reporters.JUnitReportReporter -->
<testsuite hostname="A4010L" failures="0" tests="1" name="tests.PUT_PATCH_Examples" time="2.217" errors="0" timestamp="2023-05-23T17:06:27 IST" skipped="0">
  <testcase classname="tests.PUT_PATCH_Examples" name="PUT" time="2.217"/>
  <system-out/>
</testsuite> <!-- tests.PUT_PATCH_Examples -->
