<?xml version="1.0" encoding="UTF-8"?>
<!-- Generated by org.testng.reporters.JUnitReportReporter -->
<testsuite hostname="A4010L" failures="0" tests="2" name="tests.GET_POST_Examples" time="4.670" errors="0" timestamp="2023-05-22T19:13:29 IST" skipped="0">
  <testcase classname="tests.GET_POST_Examples" name="GET" time="4.074"/>
  <system-out/>
  <testcase classname="tests.GET_POST_Examples" name="POST" time="0.596"/>
  <system-out/>
</testsuite> <!-- tests.GET_POST_Examples -->
