<?xml version="1.0" encoding="UTF-8"?>
<!-- Generated by org.testng.reporters.JUnitReportReporter -->
<testsuite hostname="A4010L" failures="0" tests="3" name="tests.TestOne" time="5.335" errors="0" timestamp="2023-08-22T19:07:58 IST" skipped="0">
  <testcase classname="tests.TestOne" name="test_3" time="0.473"/>
  <system-out/>
  <testcase classname="tests.TestOne" name="test_1" time="3.015"/>
  <system-out/>
  <testcase classname="tests.TestOne" name="test_2" time="1.847"/>
  <system-out/>
</testsuite> <!-- tests.TestOne -->
