<?xml version="1.0" encoding="UTF-8"?>
<!-- Generated by org.testng.reporters.JUnitReportReporter -->
<testsuite hostname="A4010L" failures="0" tests="3" name="userManagement.getUsers2" time="5.006" errors="0" timestamp="2023-12-11T12:20:19 IST" skipped="2">
  <testcase classname="userManagement.getUsers2" name="validateResponseHasItems" time="5.006"/>
  <system-out/>
  <testcase classname="userManagement.getUsers2" name="validateGetResponseBody">
    <skipped/>
  </testcase> <!-- validateGetResponseBody -->
  <system-out/>
  <testcase classname="userManagement.getUsers2" name="getUserData">
    <skipped/>
  </testcase> <!-- getUserData -->
  <system-out/>
</testsuite> <!-- userManagement.getUsers2 -->
